Build started 8/17/2015 7:11:34 PM.
     1>Project "C:\bullet-2.82-r2704\bullet-2.82-r2704\build\vs2010\BulletDynamics.vcxproj" on node 3 (Build target(s)).
     1>ClCompile:
         C:\Program Files (x86)\Microsoft Visual Studio 14.0\VC\bin\CL.exe /c /I..\..\src /nologo /W3 /WX- /Ox /Oy- /D _CRT_SECURE_NO_WARNINGS /D _CRT_SECURE_NO_DEPRECATE /D _HAS_EXCEPTIONS=0 /D _MBCS /GF /Gm- /MD /GS /Gy /arch:SSE /fp:fast /Zc:wchar_t /Zc:forScope /Zc:inline /GR- /Fo"obj\x32\Release\BulletDynamics\\" /Fd"obj\x32\Release\BulletDynamics\BulletDynamics.pdb" /Gd /TP /analyze- /errorReport:prompt /MP ..\..\src\BulletDynamics\Character\btKinematicCharacterController.cpp ..\..\src\BulletDynamics\ConstraintSolver\btConeTwistConstraint.cpp ..\..\src\BulletDynamics\ConstraintSolver\btContactConstraint.cpp ..\..\src\BulletDynamics\ConstraintSolver\btFixedConstraint.cpp ..\..\src\BulletDynamics\ConstraintSolver\btGearConstraint.cpp ..\..\src\BulletDynamics\ConstraintSolver\btGeneric6DofConstraint.cpp ..\..\src\BulletDynamics\ConstraintSolver\btGeneric6DofSpringConstraint.cpp ..\..\src\BulletDynamics\ConstraintSolver\btHinge2Constraint.cpp ..\..\src\BulletDynamics\ConstraintSolver\btHingeConstraint.cpp ..\..\src\BulletDynamics\ConstraintSolver\btPoint2PointConstraint.cpp ..\..\src\BulletDynamics\ConstraintSolver\btSequentialImpulseConstraintSolver.cpp ..\..\src\BulletDynamics\ConstraintSolver\btSliderConstraint.cpp ..\..\src\BulletDynamics\ConstraintSolver\btSolve2LinearConstraint.cpp ..\..\src\BulletDynamics\ConstraintSolver\btTypedConstraint.cpp ..\..\src\BulletDynamics\ConstraintSolver\btUniversalConstraint.cpp ..\..\src\BulletDynamics\Dynamics\btDiscreteDynamicsWorld.cpp ..\..\src\BulletDynamics\Dynamics\btRigidBody.cpp ..\..\src\BulletDynamics\Dynamics\btSimpleDynamicsWorld.cpp "..\..\src\BulletDynamics\Dynamics\Bullet-C-API.cpp" ..\..\src\BulletDynamics\Featherstone\btMultiBody.cpp ..\..\src\BulletDynamics\Featherstone\btMultiBodyConstraint.cpp ..\..\src\BulletDynamics\Featherstone\btMultiBodyConstraintSolver.cpp ..\..\src\BulletDynamics\Featherstone\btMultiBodyDynamicsWorld.cpp ..\..\src\BulletDynamics\Featherstone\btMultiBodyJointLimitConstraint.cpp ..\..\src\BulletDynamics\Featherstone\btMultiBodyJointMotor.cpp ..\..\src\BulletDynamics\Featherstone\btMultiBodyPoint2Point.cpp ..\..\src\BulletDynamics\MLCPSolvers\btDantzigLCP.cpp ..\..\src\BulletDynamics\MLCPSolvers\btMLCPSolver.cpp ..\..\src\BulletDynamics\Vehicle\btRaycastVehicle.cpp ..\..\src\BulletDynamics\Vehicle\btWheelInfo.cpp
         btKinematicCharacterController.cpp
         btConeTwistConstraint.cpp
         btContactConstraint.cpp
         btFixedConstraint.cpp
     1>c:\bullet-2.82-r2704\bullet-2.82-r2704\src\bulletdynamics\constraintsolver\btContactConstraint.h(25): warning C4359: 'btContactConstraint': Alignment specifier is less than actual alignment (128), and will be ignored. (compiling source file ..\..\src\BulletDynamics\ConstraintSolver\btContactConstraint.cpp)
     1>..\..\src\BulletDynamics\ConstraintSolver\btConeTwistConstraint.cpp(866): warning C4244: '=': conversion from 'double' to 'btScalar', possible loss of data
     1>..\..\src\BulletDynamics\ConstraintSolver\btConeTwistConstraint.cpp(911): warning C4244: '=': conversion from 'double' to 'float', possible loss of data
     1>..\..\src\BulletDynamics\ConstraintSolver\btConeTwistConstraint.cpp(971): warning C4244: '=': conversion from 'double' to 'btScalar', possible loss of data
     1>..\..\src\BulletDynamics\ConstraintSolver\btConeTwistConstraint.cpp(973): warning C4244: '=': conversion from 'double' to 'btScalar', possible loss of data
         btGearConstraint.cpp
         btGeneric6DofConstraint.cpp
         btGeneric6DofSpringConstraint.cpp
         btHinge2Constraint.cpp
         btHingeConstraint.cpp
         btPoint2PointConstraint.cpp
         btSequentialImpulseConstraintSolver.cpp
         btSliderConstraint.cpp
         btSolve2LinearConstraint.cpp
         btTypedConstraint.cpp
         btUniversalConstraint.cpp
         btDiscreteDynamicsWorld.cpp
         btRigidBody.cpp
         btSimpleDynamicsWorld.cpp
     1>..\..\src\BulletDynamics/ConstraintSolver/btContactConstraint.h(25): warning C4359: 'btContactConstraint': Alignment specifier is less than actual alignment (128), and will be ignored. (compiling source file ..\..\src\BulletDynamics\Dynamics\btDiscreteDynamicsWorld.cpp)
         Bullet-C-API.cpp
         btMultiBody.cpp
         btMultiBodyConstraint.cpp
         btMultiBodyConstraintSolver.cpp
         btMultiBodyDynamicsWorld.cpp
         btMultiBodyJointLimitConstraint.cpp
         btMultiBodyJointMotor.cpp
         btMultiBodyPoint2Point.cpp
         btDantzigLCP.cpp
         btMLCPSolver.cpp
         btRaycastVehicle.cpp
     1>..\..\src\BulletDynamics/ConstraintSolver/btContactConstraint.h(25): warning C4359: 'btContactConstraint': Alignment specifier is less than actual alignment (128), and will be ignored. (compiling source file ..\..\src\BulletDynamics\Vehicle\btRaycastVehicle.cpp)
         btWheelInfo.cpp
       Lib:
         C:\Program Files (x86)\Microsoft Visual Studio 14.0\VC\bin\Lib.exe /OUT:"..\..\lib\BulletDynamics_vs2010.lib" /NOLOGO /MACHINE:X86 obj\x32\Release\BulletDynamics\btKinematicCharacterController.obj
         obj\x32\Release\BulletDynamics\btConeTwistConstraint.obj
         obj\x32\Release\BulletDynamics\btContactConstraint.obj
         obj\x32\Release\BulletDynamics\btFixedConstraint.obj
         obj\x32\Release\BulletDynamics\btGearConstraint.obj
         obj\x32\Release\BulletDynamics\btGeneric6DofConstraint.obj
         obj\x32\Release\BulletDynamics\btGeneric6DofSpringConstraint.obj
         obj\x32\Release\BulletDynamics\btHinge2Constraint.obj
         obj\x32\Release\BulletDynamics\btHingeConstraint.obj
         obj\x32\Release\BulletDynamics\btPoint2PointConstraint.obj
         obj\x32\Release\BulletDynamics\btSequentialImpulseConstraintSolver.obj
         obj\x32\Release\BulletDynamics\btSliderConstraint.obj
         obj\x32\Release\BulletDynamics\btSolve2LinearConstraint.obj
         obj\x32\Release\BulletDynamics\btTypedConstraint.obj
         obj\x32\Release\BulletDynamics\btUniversalConstraint.obj
         obj\x32\Release\BulletDynamics\btDiscreteDynamicsWorld.obj
         obj\x32\Release\BulletDynamics\btRigidBody.obj
         obj\x32\Release\BulletDynamics\btSimpleDynamicsWorld.obj
         "obj\x32\Release\BulletDynamics\Bullet-C-API.obj"
         obj\x32\Release\BulletDynamics\btMultiBody.obj
         obj\x32\Release\BulletDynamics\btMultiBodyConstraint.obj
         obj\x32\Release\BulletDynamics\btMultiBodyConstraintSolver.obj
         obj\x32\Release\BulletDynamics\btMultiBodyDynamicsWorld.obj
         obj\x32\Release\BulletDynamics\btMultiBodyJointLimitConstraint.obj
         obj\x32\Release\BulletDynamics\btMultiBodyJointMotor.obj
         obj\x32\Release\BulletDynamics\btMultiBodyPoint2Point.obj
         obj\x32\Release\BulletDynamics\btDantzigLCP.obj
         obj\x32\Release\BulletDynamics\btMLCPSolver.obj
         obj\x32\Release\BulletDynamics\btRaycastVehicle.obj
         obj\x32\Release\BulletDynamics\btWheelInfo.obj
         BulletDynamics.vcxproj -> C:\bullet-2.82-r2704\bullet-2.82-r2704\build\vs2010\..\..\lib\BulletDynamics_vs2010.lib
     1>Done Building Project "C:\bullet-2.82-r2704\bullet-2.82-r2704\build\vs2010\BulletDynamics.vcxproj" (Build target(s)).

Build succeeded.

Time Elapsed 00:00:16.61
